# gmm-gselect --n=20 "fgmm-global-to-gmm exp/ie_500_600/final.ubm -|" "ark,s,cs:add-deltas --delta-window=3 --delta-order=2 scp:data/split1/1/feats.scp ark:- | apply-cmvn-sliding --norm-vars=false --center=true --cmn-window=300 ark:- ark:- | select-voiced-frames ark:- scp,s,cs:data/split1/1/vad.scp ark:- |" ark:- | fgmm-global-gselect-to-post --min-post=0.025 exp/ie_500_600/final.ubm "ark,s,cs:add-deltas --delta-window=3 --delta-order=2 scp:data/split1/1/feats.scp ark:- | apply-cmvn-sliding --norm-vars=false --center=true --cmn-window=300 ark:- ark:- | select-voiced-frames ark:- scp,s,cs:data/split1/1/vad.scp ark:- |" ark,s,cs:- ark:- | scale-post ark:- 1.0 ark:- | ivector-extract --verbose=2 exp/ie_500_600/final.ie "ark,s,cs:add-deltas --delta-window=3 --delta-order=2 scp:data/split1/1/feats.scp ark:- | apply-cmvn-sliding --norm-vars=false --center=true --cmn-window=300 ark:- ark:- | select-voiced-frames ark:- scp,s,cs:data/split1/1/vad.scp ark:- |" ark,s,cs:- ark,scp,t:exp/ivectors_500_600/ivector.1.ark,exp/ivectors_500_600/ivector.1.scp 
# Started at Mon Jan 16 17:24:49 EST 2017
#
gmm-gselect --n=20 'fgmm-global-to-gmm exp/ie_500_600/final.ubm -|' 'ark,s,cs:add-deltas --delta-window=3 --delta-order=2 scp:data/split1/1/feats.scp ark:- | apply-cmvn-sliding --norm-vars=false --center=true --cmn-window=300 ark:- ark:- | select-voiced-frames ark:- scp,s,cs:data/split1/1/vad.scp ark:- |' ark:- 
ivector-extract --verbose=2 exp/ie_500_600/final.ie 'ark,s,cs:add-deltas --delta-window=3 --delta-order=2 scp:data/split1/1/feats.scp ark:- | apply-cmvn-sliding --norm-vars=false --center=true --cmn-window=300 ark:- ark:- | select-voiced-frames ark:- scp,s,cs:data/split1/1/vad.scp ark:- |' ark,s,cs:- ark,scp,t:exp/ivectors_500_600/ivector.1.ark,exp/ivectors_500_600/ivector.1.scp 
fgmm-global-gselect-to-post --min-post=0.025 exp/ie_500_600/final.ubm 'ark,s,cs:add-deltas --delta-window=3 --delta-order=2 scp:data/split1/1/feats.scp ark:- | apply-cmvn-sliding --norm-vars=false --center=true --cmn-window=300 ark:- ark:- | select-voiced-frames ark:- scp,s,cs:data/split1/1/vad.scp ark:- |' ark,s,cs:- ark:- 
fgmm-global-to-gmm exp/ie_500_600/final.ubm - 
scale-post ark:- 1.0 ark:- 
LOG (ivector-extract:ComputeDerivedVars():ivector-extractor.cc:183) Computing derived variables for iVector extractor
add-deltas --delta-window=3 --delta-order=2 scp:data/split1/1/feats.scp ark:- 
select-voiced-frames ark:- scp,s,cs:data/split1/1/vad.scp ark:- 
apply-cmvn-sliding --norm-vars=false --center=true --cmn-window=300 ark:- ark:- 
LOG (apply-cmvn-sliding:main():apply-cmvn-sliding.cc:75) Applied sliding-window cepstral mean normalization to 1 utterances, 0 had errors.
LOG (select-voiced-frames:main():select-voiced-frames.cc:105) Done selecting voiced frames; processed 1 utterances, 0 had errors.
LOG (fgmm-global-to-gmm:main():fgmm-global-to-gmm.cc:58) Written diagonal GMM to -
add-deltas --delta-window=3 --delta-order=2 scp:data/split1/1/feats.scp ark:- 
apply-cmvn-sliding --norm-vars=false --center=true --cmn-window=300 ark:- ark:- 
select-voiced-frames ark:- scp,s,cs:data/split1/1/vad.scp ark:- 
LOG (apply-cmvn-sliding:main():apply-cmvn-sliding.cc:75) Applied sliding-window cepstral mean normalization to 1 utterances, 0 had errors.
LOG (select-voiced-frames:main():select-voiced-frames.cc:105) Done selecting voiced frames; processed 1 utterances, 0 had errors.
LOG (gmm-gselect:main():gmm-gselect.cc:114) For 0'th file, average UBM likelihood over 411 frames is -112.698
LOG (gmm-gselect:main():gmm-gselect.cc:125) Done 1 files, 0 with errors, average UBM log-likelihood is -112.698 over 411 frames.
LOG (fgmm-global-gselect-to-post:main():fgmm-global-gselect-to-post.cc:148) Done 1 files; 0 had errors.
LOG (fgmm-global-gselect-to-post:main():fgmm-global-gselect-to-post.cc:149) Overall loglike per frame is -109.142 with 2.82482 entries per frame,  over 411 frames
LOG (scale-post:main():scale-post.cc:79) Done 1 posteriors;  0 had no scales.
LOG (ivector-extract:ComputeDerivedVars():ivector-extractor.cc:204) Done.
select-voiced-frames ark:- scp,s,cs:data/split1/1/vad.scp ark:- 
apply-cmvn-sliding --norm-vars=false --center=true --cmn-window=300 ark:- ark:- 
add-deltas --delta-window=3 --delta-order=2 scp:data/split1/1/feats.scp ark:- 
LOG (apply-cmvn-sliding:main():apply-cmvn-sliding.cc:75) Applied sliding-window cepstral mean normalization to 1 utterances, 0 had errors.
LOG (select-voiced-frames:main():select-voiced-frames.cc:105) Done selecting voiced frames; processed 1 utterances, 0 had errors.
VLOG[2] (ivector-extract:~IvectorExtractTask():ivector-extract.cc:68) Auxf change for utterance test_utt was 10.2509 per frame over 411 frames (weighted)
VLOG[2] (ivector-extract:~IvectorExtractTask():ivector-extract.cc:77) Ivector norm for utterance test_utt was 16.5496
LOG (ivector-extract:main():ivector-extract.cc:314) Done 1 files, 0 with errors.  Total (weighted) frames 411
LOG (ivector-extract:main():ivector-extract.cc:317) Overall average objective-function change from estimating ivector was 10.2509 per frame  over 411 (weighted) frames.
# Accounting: time=6 threads=1
# Ended (code 0) at Mon Jan 16 17:24:55 EST 2017, elapsed time 6 seconds
